android/app/build/intermediates/manifest_merge_blame_file/release/manifest-merger-blame-release-report.txt
1<?xml version="1.0" encoding="utf-8"?>
2<manifest xmlns:android="http://schemas.android.com/apk/res/android"
3    package="com.rnrestro"
4    android:versionCode="1"
5    android:versionName="1.0" >
6
7    <uses-sdk
8        android:minSdkVersion="21"
8-->src/main/AndroidManifest.xml
9        android:targetSdkVersion="33" />
9-->src/main/AndroidManifest.xml
10
11    <uses-permission android:name="android.permission.INTERNET" />
11-->src/main/AndroidManifest.xml:3:5-67
11-->src/main/AndroidManifest.xml:3:22-64
12
13    <application
13-->src/main/AndroidManifest.xml:5:5-33:19
14        android:name="com.rnrestro.MainApplication"
14-->src/main/AndroidManifest.xml:6:7-38
15        android:allowBackup="false"
15-->src/main/AndroidManifest.xml:10:7-34
16        android:appComponentFactory="androidx.core.app.CoreComponentFactory"
16-->[androidx.core:core:1.7.0] AndroidManifest.xml:24:18-86
17        android:icon="@mipmap/ic_launcher"
17-->src/main/AndroidManifest.xml:8:7-41
18        android:label="@string/app_name"
18-->src/main/AndroidManifest.xml:7:7-39
19        android:roundIcon="@mipmap/ic_launcher_round"
19-->src/main/AndroidManifest.xml:9:7-52
20        android:theme="@style/AppTheme" >
20-->src/main/AndroidManifest.xml:11:7-38
21        <activity
21-->src/main/AndroidManifest.xml:12:7-32:18
22            android:name="com.rnrestro.MainActivity"
22-->src/main/AndroidManifest.xml:13:9-37
23            android:configChanges="keyboard|keyboardHidden|orientation|screenLayout|screenSize|smallestScreenSize|uiMode"
23-->src/main/AndroidManifest.xml:15:9-118
24            android:exported="true"
24-->src/main/AndroidManifest.xml:18:9-32
25            android:label="@string/app_name"
25-->src/main/AndroidManifest.xml:14:9-41
26            android:launchMode="singleTask"
26-->src/main/AndroidManifest.xml:16:9-40
27            android:windowSoftInputMode="adjustResize" >
27-->src/main/AndroidManifest.xml:17:9-51
28            <intent-filter>
28-->src/main/AndroidManifest.xml:19:9-22:25
29                <action android:name="android.intent.action.MAIN" />
29-->src/main/AndroidManifest.xml:20:13-65
29-->src/main/AndroidManifest.xml:20:21-62
30
31                <category android:name="android.intent.category.LAUNCHER" />
31-->src/main/AndroidManifest.xml:21:13-73
31-->src/main/AndroidManifest.xml:21:23-70
32            </intent-filter>
33            <intent-filter>
33-->src/main/AndroidManifest.xml:23:11-31:17
34                <action android:name="android.intent.action.VIEW" />
34-->src/main/AndroidManifest.xml:24:3-55
34-->src/main/AndroidManifest.xml:24:11-52
35
36                <category android:name="android.intent.category.DEFAULT" />
36-->src/main/AndroidManifest.xml:25:3-62
36-->src/main/AndroidManifest.xml:25:13-59
37                <category android:name="android.intent.category.BROWSABLE" />
37-->src/main/AndroidManifest.xml:26:3-64
37-->src/main/AndroidManifest.xml:26:13-61
38
39                <data
39-->src/main/AndroidManifest.xml:27:3-29:47
40                    android:host="@string/short_link_url"
40-->src/main/AndroidManifest.xml:29:7-44
41                    android:scheme="https" />
41-->src/main/AndroidManifest.xml:28:7-29
42            </intent-filter>
43        </activity>
44
45        <provider
45-->[:react-native-share] AndroidManifest.xml:10:9-18:20
46            android:name="cl.json.RNShareFileProvider"
46-->[:react-native-share] AndroidManifest.xml:11:13-55
47            android:authorities="com.rnrestro.rnshare.fileprovider"
47-->[:react-native-share] AndroidManifest.xml:12:13-72
48            android:exported="false"
48-->[:react-native-share] AndroidManifest.xml:13:13-37
49            android:grantUriPermissions="true" >
49-->[:react-native-share] AndroidManifest.xml:14:13-47
50            <meta-data
50-->[:react-native-share] AndroidManifest.xml:15:13-17:64
51                android:name="android.support.FILE_PROVIDER_PATHS"
51-->[:react-native-share] AndroidManifest.xml:16:17-67
52                android:resource="@xml/share_download_paths" />
52-->[:react-native-share] AndroidManifest.xml:17:17-61
53        </provider>
54        <provider
54-->[androidx.emoji2:emoji2:1.0.0] AndroidManifest.xml:26:9-34:20
55            android:name="androidx.startup.InitializationProvider"
55-->[androidx.emoji2:emoji2:1.0.0] AndroidManifest.xml:27:13-67
56            android:authorities="com.rnrestro.androidx-startup"
56-->[androidx.emoji2:emoji2:1.0.0] AndroidManifest.xml:28:13-68
57            android:exported="false" >
57-->[androidx.emoji2:emoji2:1.0.0] AndroidManifest.xml:29:13-37
58            <meta-data
58-->[androidx.emoji2:emoji2:1.0.0] AndroidManifest.xml:31:13-33:52
59                android:name="androidx.emoji2.text.EmojiCompatInitializer"
59-->[androidx.emoji2:emoji2:1.0.0] AndroidManifest.xml:32:17-75
60                android:value="androidx.startup" />
60-->[androidx.emoji2:emoji2:1.0.0] AndroidManifest.xml:33:17-49
61            <meta-data
61-->[androidx.lifecycle:lifecycle-process:2.4.0] AndroidManifest.xml:31:13-33:52
62                android:name="androidx.lifecycle.ProcessLifecycleInitializer"
62-->[androidx.lifecycle:lifecycle-process:2.4.0] AndroidManifest.xml:32:17-78
63                android:value="androidx.startup" />
63-->[androidx.lifecycle:lifecycle-process:2.4.0] AndroidManifest.xml:33:17-49
64        </provider>
65    </application>
66
67</manifest>